<?xml version="1.0" encoding="UTF-8"?>
<!-- Generated by org.testng.reporters.JUnitXMLReporter -->
<testsuite ignored="0" hostname="Mittal_Kumar" failures="2" tests="2" name="Test" time="0.072" errors="0" timestamp="2022-08-22T17:57:49 IST">
  <testcase classname="com.controller.StaffControllerTest" name="addStaffBadRequestTest" time="0.009">
    <failure type="java.lang.NullPointerException" message="Cannot invoke &amp;quot;org.springframework.validation.BindingResult.hasErrors()&amp;quot; because &amp;quot;result&amp;quot; is null">
      <![CDATA[java.lang.NullPointerException: Cannot invoke "org.springframework.validation.BindingResult.hasErrors()" because "result" is null
at com.controller.StaffController.addStaff(StaffController.java:34)
at com.controller.StaffControllerTest.addStaffBadRequestTest(StaffControllerTest.java:10)
at java.base/java.util.ArrayList.forEach(ArrayList.java:1511)
... Removed 27 stack frames]]>
    </failure>
  </testcase> <!-- addStaffBadRequestTest -->
  <testcase classname="com.controller.StaffControllerTest" name="addStaffValidTest" time="0.001">
    <failure type="java.lang.NullPointerException" message="Cannot invoke &amp;quot;org.springframework.validation.BindingResult.hasErrors()&amp;quot; because &amp;quot;result&amp;quot; is null">
      <![CDATA[java.lang.NullPointerException: Cannot invoke "org.springframework.validation.BindingResult.hasErrors()" because "result" is null
at com.controller.StaffController.addStaff(StaffController.java:34)
at com.controller.StaffControllerTest.addStaffValidTest(StaffControllerTest.java:16)
at java.base/java.util.ArrayList.forEach(ArrayList.java:1511)
... Removed 27 stack frames]]>
    </failure>
  </testcase> <!-- addStaffValidTest -->
</testsuite> <!-- Test -->
